<testsuites name="jest tests" tests="4" failures="4" time="3.922">
  <testsuite name="undefined" errors="0" failures="4" skipped="0" timestamp="2022-06-10T17:31:06" time="3.922" tests="4">
    <testcase classname=" Initial articles render correctly" name=" Initial articles render correctly" time="0.056">
      <failure>Error: expect(received).toEqual(expected) // deep equality

- Expected
+ Received

  Array [
-   &quot;Artificial Mountains&quot;,
-   &quot;200&quot;,
-   &quot;2019-11-23&quot;,
+   &quot;Alphabet earnings&quot;,
+   &quot;22&quot;,
+   &quot;2011-11-23&quot;,
  ]
    at forEach (C:\Users\Brahim\Desktop\stackOverFlow\1fb97ef8-a859-4408-9840-da3b8fbafdaa\src\App.test.js:89:36)
    at Array.forEach (&lt;anonymous&gt;)
    at expectArticles (C:\Users\Brahim\Desktop\stackOverFlow\1fb97ef8-a859-4408-9840-da3b8fbafdaa\src\App.test.js:84:12)
    at Object.&lt;anonymous&gt; (C:\Users\Brahim\Desktop\stackOverFlow\1fb97ef8-a859-4408-9840-da3b8fbafdaa\src\App.test.js:97:3)
    at Object.asyncJestTest (C:\Users\Brahim\Desktop\stackOverFlow\1fb97ef8-a859-4408-9840-da3b8fbafdaa\node_modules\jest-jasmine2\build\jasmineAsyncInstall.js:102:37)
    at C:\Users\Brahim\Desktop\stackOverFlow\1fb97ef8-a859-4408-9840-da3b8fbafdaa\node_modules\jest-jasmine2\build\queueRunner.js:43:12
    at new Promise (&lt;anonymous&gt;)
    at mapper (C:\Users\Brahim\Desktop\stackOverFlow\1fb97ef8-a859-4408-9840-da3b8fbafdaa\node_modules\jest-jasmine2\build\queueRunner.js:26:19)
    at C:\Users\Brahim\Desktop\stackOverFlow\1fb97ef8-a859-4408-9840-da3b8fbafdaa\node_modules\jest-jasmine2\build\queueRunner.js:73:41
    at processTicksAndRejections (node:internal/process/task_queues:96:5)</failure>
    </testcase>
    <testcase classname=" Clicking on top renders expected articles" name=" Clicking on top renders expected articles" time="0.017">
      <failure>Error: expect(received).toEqual(expected) // deep equality

- Expected
+ Received

  Array [
-   &quot;Artificial Mountains&quot;,
-   &quot;200&quot;,
-   &quot;2019-11-23&quot;,
+   &quot;Alphabet earnings&quot;,
+   &quot;22&quot;,
+   &quot;2011-11-23&quot;,
  ]
    at forEach (C:\Users\Brahim\Desktop\stackOverFlow\1fb97ef8-a859-4408-9840-da3b8fbafdaa\src\App.test.js:89:36)
    at Array.forEach (&lt;anonymous&gt;)
    at expectArticles (C:\Users\Brahim\Desktop\stackOverFlow\1fb97ef8-a859-4408-9840-da3b8fbafdaa\src\App.test.js:84:12)
    at Object.&lt;anonymous&gt; (C:\Users\Brahim\Desktop\stackOverFlow\1fb97ef8-a859-4408-9840-da3b8fbafdaa\src\App.test.js:107:3)
    at Object.asyncJestTest (C:\Users\Brahim\Desktop\stackOverFlow\1fb97ef8-a859-4408-9840-da3b8fbafdaa\node_modules\jest-jasmine2\build\jasmineAsyncInstall.js:102:37)
    at C:\Users\Brahim\Desktop\stackOverFlow\1fb97ef8-a859-4408-9840-da3b8fbafdaa\node_modules\jest-jasmine2\build\queueRunner.js:43:12
    at new Promise (&lt;anonymous&gt;)
    at mapper (C:\Users\Brahim\Desktop\stackOverFlow\1fb97ef8-a859-4408-9840-da3b8fbafdaa\node_modules\jest-jasmine2\build\queueRunner.js:26:19)
    at C:\Users\Brahim\Desktop\stackOverFlow\1fb97ef8-a859-4408-9840-da3b8fbafdaa\node_modules\jest-jasmine2\build\queueRunner.js:73:41
    at processTicksAndRejections (node:internal/process/task_queues:96:5)</failure>
    </testcase>
    <testcase classname=" Clicking on newest renders expected articles" name=" Clicking on newest renders expected articles" time="0.016">
      <failure>Error: expect(received).toEqual(expected) // deep equality

- Expected
+ Received

  Array [
-   &quot;Simple text editor has 15k monthly users&quot;,
-   &quot;83&quot;,
-   &quot;2020-02-22&quot;,
+   &quot;Artificial Mountains&quot;,
+   &quot;200&quot;,
+   &quot;2019-11-23&quot;,
  ]
    at forEach (C:\Users\Brahim\Desktop\stackOverFlow\1fb97ef8-a859-4408-9840-da3b8fbafdaa\src\App.test.js:89:36)
    at Array.forEach (&lt;anonymous&gt;)
    at expectArticles (C:\Users\Brahim\Desktop\stackOverFlow\1fb97ef8-a859-4408-9840-da3b8fbafdaa\src\App.test.js:84:12)
    at Object.&lt;anonymous&gt; (C:\Users\Brahim\Desktop\stackOverFlow\1fb97ef8-a859-4408-9840-da3b8fbafdaa\src\App.test.js:117:3)
    at Object.asyncJestTest (C:\Users\Brahim\Desktop\stackOverFlow\1fb97ef8-a859-4408-9840-da3b8fbafdaa\node_modules\jest-jasmine2\build\jasmineAsyncInstall.js:102:37)
    at C:\Users\Brahim\Desktop\stackOverFlow\1fb97ef8-a859-4408-9840-da3b8fbafdaa\node_modules\jest-jasmine2\build\queueRunner.js:43:12
    at new Promise (&lt;anonymous&gt;)
    at mapper (C:\Users\Brahim\Desktop\stackOverFlow\1fb97ef8-a859-4408-9840-da3b8fbafdaa\node_modules\jest-jasmine2\build\queueRunner.js:26:19)
    at C:\Users\Brahim\Desktop\stackOverFlow\1fb97ef8-a859-4408-9840-da3b8fbafdaa\node_modules\jest-jasmine2\build\queueRunner.js:73:41
    at processTicksAndRejections (node:internal/process/task_queues:96:5)</failure>
    </testcase>
    <testcase classname=" Sequence of navigation clicks renders expected artices" name=" Sequence of navigation clicks renders expected artices" time="0.014">
      <failure>Error: expect(received).toEqual(expected) // deep equality

- Expected
+ Received

  Array [
-   &quot;Artificial Mountains&quot;,
-   &quot;200&quot;,
-   &quot;2019-11-23&quot;,
+   &quot;Simple text editor has 15k monthly users&quot;,
+   &quot;83&quot;,
+   &quot;2020-02-22&quot;,
  ]
    at forEach (C:\Users\Brahim\Desktop\stackOverFlow\1fb97ef8-a859-4408-9840-da3b8fbafdaa\src\App.test.js:89:36)
    at Array.forEach (&lt;anonymous&gt;)
    at expectArticles (C:\Users\Brahim\Desktop\stackOverFlow\1fb97ef8-a859-4408-9840-da3b8fbafdaa\src\App.test.js:84:12)
    at Object.&lt;anonymous&gt; (C:\Users\Brahim\Desktop\stackOverFlow\1fb97ef8-a859-4408-9840-da3b8fbafdaa\src\App.test.js:132:5)
    at Object.asyncJestTest (C:\Users\Brahim\Desktop\stackOverFlow\1fb97ef8-a859-4408-9840-da3b8fbafdaa\node_modules\jest-jasmine2\build\jasmineAsyncInstall.js:102:37)
    at C:\Users\Brahim\Desktop\stackOverFlow\1fb97ef8-a859-4408-9840-da3b8fbafdaa\node_modules\jest-jasmine2\build\queueRunner.js:43:12
    at new Promise (&lt;anonymous&gt;)
    at mapper (C:\Users\Brahim\Desktop\stackOverFlow\1fb97ef8-a859-4408-9840-da3b8fbafdaa\node_modules\jest-jasmine2\build\queueRunner.js:26:19)
    at C:\Users\Brahim\Desktop\stackOverFlow\1fb97ef8-a859-4408-9840-da3b8fbafdaa\node_modules\jest-jasmine2\build\queueRunner.js:73:41
    at processTicksAndRejections (node:internal/process/task_queues:96:5)</failure>
    </testcase>
  </testsuite>
</testsuites>